<?xml version="1.0" encoding="UTF-8"?>
<!-- Generated by org.testng.reporters.JUnitReportReporter -->
<testsuite hostname="COG-WIN-MAC03" failures="0" tests="6" name="testcases.FileDashBoardTest" time="432.475" errors="0" timestamp="2022-12-08T16:52:25 IST" skipped="0">
  <testcase classname="testcases.FileDashBoardTest" name="verifyMandatoryErrorMessage" time="27.995"/>
  <system-out/>
  <testcase classname="testcases.FileDashBoardTest" name="createAndUpdateFolderFunctionality" time="73.373"/>
  <system-out/>
  <testcase classname="testcases.FileDashBoardTest" name="fileUploadResetFunctionality" time="80.294"/>
  <system-out/>
  <testcase classname="testcases.FileDashBoardTest" name="fileMoveFunctionality" time="71.835"/>
  <system-out/>
  <testcase classname="testcases.FileDashBoardTest" name="fileCloneAndDeleteFunctionality" time="96.798"/>
  <system-out/>
  <testcase classname="testcases.FileDashBoardTest" name="fileDownloadRenameFunctionality" time="82.180"/>
  <system-out/>
</testsuite> <!-- testcases.FileDashBoardTest -->
