<?xml version="1.0" encoding="UTF-8"?>
<!-- Generated by org.testng.reporters.JUnitReportReporter -->
<testsuite hostname="COG-WIN-MAC03" failures="0" tests="3" name="testcases.UserStorageTest" time="375.603" errors="0" timestamp="2023-03-29T10:52:33 IST" skipped="0">
  <testcase classname="testcases.UserStorageTest" name="verifyStorageCounts" time="59.876"/>
  <system-out/>
  <testcase classname="testcases.UserStorageTest" name="verifySearchFunctionality" time="135.409"/>
  <system-out/>
  <testcase classname="testcases.UserStorageTest" name="verifySortingFunctionality" time="180.318"/>
  <system-out/>
</testsuite> <!-- testcases.UserStorageTest -->
