<?xml version="1.0" encoding="UTF-8"?>
<!-- Generated by org.testng.reporters.JUnitReportReporter -->
<testsuite hostname="COG-WIN-MAC03" failures="0" tests="6" name="testcases.FileDashBoardTest" time="453.271" errors="0" timestamp="2022-11-03T16:02:48 IST" skipped="0">
  <testcase classname="testcases.FileDashBoardTest" name="verifyMandatoryErrorMessage" time="28.182"/>
  <system-out/>
  <testcase classname="testcases.FileDashBoardTest" name="createAndUpdateFolderFunctionality" time="75.492"/>
  <system-out/>
  <testcase classname="testcases.FileDashBoardTest" name="fileUploadResetFunctionality" time="83.156"/>
  <system-out/>
  <testcase classname="testcases.FileDashBoardTest" name="fileMoveFunctionality" time="76.645"/>
  <system-out/>
  <testcase classname="testcases.FileDashBoardTest" name="fileCloneAndDeleteFunctionality" time="101.445"/>
  <system-out/>
  <testcase classname="testcases.FileDashBoardTest" name="fileDownloadRenameFunctionality" time="88.351"/>
  <system-out/>
</testsuite> <!-- testcases.FileDashBoardTest -->
