<?xml version="1.0" encoding="UTF-8"?>
<!-- Generated by org.testng.reporters.JUnitReportReporter -->
<testsuite hostname="COG-WIN-MAC03" failures="0" tests="1" name="testcases.FileDashBoardTest" time="73.115" errors="0" timestamp="2023-03-29T10:43:38 IST" skipped="0">
  <testcase classname="testcases.FileDashBoardTest" name="fileUploadResetFunctionality" time="73.115"/>
  <system-out/>
</testsuite> <!-- testcases.FileDashBoardTest -->
