<?xml version="1.0" encoding="UTF-8"?>
<!-- Generated by org.testng.reporters.JUnitReportReporter -->
<testsuite hostname="COG-WIN-MAC03" failures="0" tests="3" name="testcases.ClientStorageTest" time="184.707" errors="0" timestamp="2022-11-03T16:02:48 IST" skipped="0">
  <testcase classname="testcases.ClientStorageTest" name="verifyStorageCounts" time="55.098"/>
  <system-out/>
  <testcase classname="testcases.ClientStorageTest" name="verifySearchFunctionality" time="42.014"/>
  <system-out/>
  <testcase classname="testcases.ClientStorageTest" name="verifySortingFunctionality" time="87.595"/>
  <system-out/>
</testsuite> <!-- testcases.ClientStorageTest -->
