<?xml version="1.0" encoding="UTF-8"?>
<!-- Generated by org.testng.reporters.JUnitReportReporter -->
<testsuite hostname="COG-WIN-MAC03" failures="0" tests="3" name="testcases.UserStorageTest" time="265.820" errors="0" timestamp="2022-11-03T16:02:48 IST" skipped="0">
  <testcase classname="testcases.UserStorageTest" name="verifyStorageCounts" time="50.626"/>
  <system-out/>
  <testcase classname="testcases.UserStorageTest" name="verifySearchFunctionality" time="103.183"/>
  <system-out/>
  <testcase classname="testcases.UserStorageTest" name="verifySortingFunctionality" time="112.011"/>
  <system-out/>
</testsuite> <!-- testcases.UserStorageTest -->
