<?xml version="1.0" encoding="UTF-8"?>
<!-- Generated by org.testng.reporters.JUnitReportReporter -->
<testsuite hostname="COG-WIN-MAC03" failures="0" tests="3" name="testcases.ClientStorageTest" time="186.009" errors="0" timestamp="2022-12-08T16:52:25 IST" skipped="0">
  <testcase classname="testcases.ClientStorageTest" name="verifyStorageCounts" time="54.873"/>
  <system-out/>
  <testcase classname="testcases.ClientStorageTest" name="verifySearchFunctionality" time="43.919"/>
  <system-out/>
  <testcase classname="testcases.ClientStorageTest" name="verifySortingFunctionality" time="87.217"/>
  <system-out/>
</testsuite> <!-- testcases.ClientStorageTest -->
