<?xml version="1.0" encoding="UTF-8"?>
<!-- Generated by org.testng.reporters.JUnitReportReporter -->
<testsuite hostname="COG-WIN-MAC03" failures="0" tests="3" name="testcases.UserStorageTest" time="286.156" errors="0" timestamp="2022-12-08T16:52:25 IST" skipped="0">
  <testcase classname="testcases.UserStorageTest" name="verifyStorageCounts" time="52.762"/>
  <system-out/>
  <testcase classname="testcases.UserStorageTest" name="verifySearchFunctionality" time="110.750"/>
  <system-out/>
  <testcase classname="testcases.UserStorageTest" name="verifySortingFunctionality" time="122.644"/>
  <system-out/>
</testsuite> <!-- testcases.UserStorageTest -->
